{"time":"2025-09-12T15:50:40.476154+03:00","level":"INFO","msg":"Database connection established successfully"}
{"time":"2025-09-12T15:50:47.811544+03:00","level":"ERROR","msg":"Failed to create user","error":"Error 1062 (23000): Duplicate entry 'test2@gmail.com' for key 'users.email'"}
{"time":"2025-09-12T15:51:35.279757+03:00","level":"INFO","msg":"Published message to queue","queue":"user_events","body":"{\"payload\":{\"email\":\"test3@gmail.com\",\"full_name\":\"\"},\"type\":\"user.created\"}"}
{"time":"2025-09-12T15:53:33.308259+03:00","level":"INFO","msg":"Users listed successfully","count":5}
{"time":"2025-09-12T15:57:47.743658+03:00","level":"INFO","msg":"Users listed successfully","count":5}
{"time":"2025-09-12T15:57:52.810387+03:00","level":"ERROR","msg":"Failed to create user","error":"Error 1062 (23000): Duplicate entry 'test3@gmail.com' for key 'users.email'"}
{"time":"2025-09-12T15:58:03.445961+03:00","level":"INFO","msg":"Published message to queue","queue":"user_events","body":"{\"payload\":{\"email\":\"test12@gmail.com\",\"full_name\":\"test\"},\"type\":\"user.created\"}"}
{"time":"2025-09-12T15:59:24.120447+03:00","level":"INFO","msg":"Database connection established successfully"}
{"time":"2025-09-12T16:43:55.118616+03:00","level":"INFO","msg":"Database connection established successfully"}
{"time":"2025-09-12T16:44:12.613836+03:00","level":"INFO","msg":"Users listed successfully","count":7}
{"time":"2025-09-12T16:44:23.579286+03:00","level":"INFO","msg":"Users listed successfully","count":7}
{"time":"2025-09-12T16:44:37.139159+03:00","level":"INFO","msg":"Database connection established successfully"}
{"time":"2025-09-12T16:44:40.36114+03:00","level":"INFO","msg":"Users listed successfully","count":7}
{"time":"2025-09-12T16:56:41.620962+03:00","level":"INFO","msg":"Users listed successfully","count":7}
{"time":"2025-09-12T16:56:48.958509+03:00","level":"INFO","msg":"Fetched tickets successfully","count":1}
{"time":"2025-09-12T16:57:12.673029+03:00","level":"ERROR","msg":"Invalid request payload","error":"unexpected EOF"}
{"time":"2025-09-12T16:57:27.586883+03:00","level":"ERROR","msg":"Failed to create ticket","error":"Error 1062 (23000): Duplicate entry 'test1' for key 'tickets.unique_title'"}
{"time":"2025-09-12T16:57:38.034111+03:00","level":"INFO","msg":"Published message to queue","queue":"ticket_events","body":"{\"payload\":{\"Locker\":{}},\"type\":\"ticket.created\"}"}
{"time":"2025-09-12T16:57:38.034391+03:00","level":"INFO","msg":"Ticket created successfully","ticket_id":{"Locker":{}}}
{"time":"2025-09-12T17:10:25.415632+03:00","level":"ERROR","msg":"Failed to create ticket","error":"Error 1062 (23000): Duplicate entry 'test2' for key 'tickets.unique_title'"}
{"time":"2025-09-12T17:12:09.852431+03:00","level":"INFO","msg":"Database connection established successfully"}
{"time":"2025-09-12T17:12:15.224683+03:00","level":"ERROR","msg":"Failed to create ticket","error":"Error 1062 (23000): Duplicate entry 'test2' for key 'tickets.unique_title'"}
{"time":"2025-09-12T17:12:49.370152+03:00","level":"INFO","msg":"Database connection established successfully"}
{"time":"2025-09-12T17:12:51.964593+03:00","level":"ERROR","msg":"Failed to create ticket","error":"Error 1062 (23000): Duplicate entry 'test2' for key 'tickets.unique_title'"}
{"time":"2025-09-12T17:13:23.401913+03:00","level":"INFO","msg":"Database connection established successfully"}
{"time":"2025-09-12T17:13:26.302981+03:00","level":"ERROR","msg":"Failed to create ticket","error":"Error 1062 (23000): Duplicate entry 'test2' for key 'tickets.unique_title'"}
{"time":"2025-09-12T17:14:24.427621+03:00","level":"ERROR","msg":"Invalid request payload","error":"unexpected EOF"}
{"time":"2025-09-12T17:15:17.041244+03:00","level":"INFO","msg":"Database connection established successfully"}
{"time":"2025-09-12T17:15:19.249453+03:00","level":"ERROR","msg":"Invalid request payload","error":"unexpected EOF"}
{"time":"2025-09-12T17:16:46.56924+03:00","level":"INFO","msg":"Database connection established successfully"}
{"time":"2025-09-12T17:16:48.848067+03:00","level":"ERROR","msg":"Invalid request payload","error":"unexpected EOF"}
{"time":"2025-09-12T17:17:04.799206+03:00","level":"ERROR","msg":"Failed to create ticket","error":"Error 1062 (23000): Duplicate entry 'test2' for key 'tickets.unique_title'"}
{"time":"2025-09-15T12:36:31.590187+03:00","level":"INFO","msg":"Database connection established successfully"}
{"time":"2025-09-15T12:38:31.498788+03:00","level":"INFO","msg":"Published message to queue","queue":"user_events","body":"{\"payload\":{\"email\":\"arsenal@gmail.com\",\"full_name\":\"Arsenal\"},\"type\":\"user.created\"}"}
{"time":"2025-09-15T12:38:31.500075+03:00","level":"INFO","msg":"User created successfully","user_id":19}
{"time":"2025-09-15T12:44:08.250049+03:00","level":"ERROR","msg":"Failed to create user","error":"Error 1062 (23000): Duplicate entry 'arsenal@gmail.com' for key 'users.email'"}
{"time":"2025-09-15T16:30:32.212922+03:00","level":"ERROR","msg":"Failed to create user","error":"Error 1062 (23000): Duplicate entry 'arsenal@gmail.com' for key 'users.email'"}
{"time":"2025-09-15T16:30:39.676167+03:00","level":"INFO","msg":"Published message to queue","queue":"user_events","body":"{\"payload\":{\"email\":\"arsenal1@gmail.com\",\"full_name\":\"Arsenal1\"},\"type\":\"user.created\"}"}
{"time":"2025-09-15T16:30:39.676899+03:00","level":"INFO","msg":"User created successfully","user_id":22}
{"time":"2025-09-15T16:55:24.650565+03:00","level":"INFO","msg":"Users listed successfully","count":9}
